composeApp/build/intermediates/manifest_merge_blame_file/debug/processDebugMainManifest/manifest-merger-blame-debug-report.txt
1<?xml version="1.0" encoding="utf-8"?>
2<manifest xmlns:android="http://schemas.android.com/apk/res/android"
3    package="ca.elinium.dishpal"
4    android:versionCode="1"
5    android:versionName="1.0" >
6
7    <uses-sdk
8        android:minSdkVersion="24"
9        android:targetSdkVersion="34" />
10
11    <uses-feature
11-->src/androidMain/AndroidManifest.xml:4:5-6:36
12        android:name="android.hardware.camera"
12-->src/androidMain/AndroidManifest.xml:5:9-47
13        android:required="false" />
13-->src/androidMain/AndroidManifest.xml:6:9-33
14
15    <uses-permission android:name="android.permission.INTERNET" />
15-->src/androidMain/AndroidManifest.xml:8:5-67
15-->src/androidMain/AndroidManifest.xml:8:22-64
16    <uses-permission android:name="android.permission.ACCESS_NETWORK_STATE" />
16-->src/androidMain/AndroidManifest.xml:9:5-79
16-->src/androidMain/AndroidManifest.xml:9:22-76
17    <uses-permission android:name="android.permission.ACCESS_COARSE_LOCATION" />
17-->src/androidMain/AndroidManifest.xml:11:5-81
17-->src/androidMain/AndroidManifest.xml:11:22-78
18    <uses-permission android:name="android.permission.ACCESS_FINE_LOCATION" />
18-->src/androidMain/AndroidManifest.xml:12:5-79
18-->src/androidMain/AndroidManifest.xml:12:22-76
19    <uses-permission android:name="android.permission.CAMERA" />
19-->src/androidMain/AndroidManifest.xml:13:5-65
19-->src/androidMain/AndroidManifest.xml:13:22-62
20    <uses-permission
20-->src/androidMain/AndroidManifest.xml:14:5-15:38
21        android:name="android.permission.READ_EXTERNAL_STORAGE"
21-->src/androidMain/AndroidManifest.xml:14:22-77
22        android:maxSdkVersion="32" />
22-->src/androidMain/AndroidManifest.xml:15:9-35
23    <uses-permission android:name="android.permission.READ_MEDIA_AUDIO" />
23-->src/androidMain/AndroidManifest.xml:16:5-74
23-->src/androidMain/AndroidManifest.xml:16:22-72
24    <uses-permission android:name="android.permission.READ_MEDIA_IMAGES" />
24-->src/androidMain/AndroidManifest.xml:17:5-75
24-->src/androidMain/AndroidManifest.xml:17:22-73
25    <uses-permission android:name="android.permission.READ_MEDIA_VIDEO" />
25-->src/androidMain/AndroidManifest.xml:18:5-74
25-->src/androidMain/AndroidManifest.xml:18:22-72
26
27    <permission
27-->[androidx.core:core:1.13.0] AndroidManifest.xml:22:5-24:47
28        android:name="ca.elinium.dishpal.DYNAMIC_RECEIVER_NOT_EXPORTED_PERMISSION"
28-->[androidx.core:core:1.13.0] AndroidManifest.xml:23:9-81
29        android:protectionLevel="signature" />
29-->[androidx.core:core:1.13.0] AndroidManifest.xml:24:9-44
30
31    <uses-permission android:name="ca.elinium.dishpal.DYNAMIC_RECEIVER_NOT_EXPORTED_PERMISSION" />
31-->[androidx.core:core:1.13.0] AndroidManifest.xml:26:5-97
31-->[androidx.core:core:1.13.0] AndroidManifest.xml:26:22-94
32
33    <application
33-->src/androidMain/AndroidManifest.xml:20:5-56:19
34        android:allowBackup="true"
34-->src/androidMain/AndroidManifest.xml:21:9-35
35        android:appComponentFactory="androidx.core.app.CoreComponentFactory"
35-->[androidx.core:core:1.13.0] AndroidManifest.xml:28:18-86
36        android:debuggable="true"
37        android:extractNativeLibs="false"
38        android:icon="@mipmap/ic_launcher"
38-->src/androidMain/AndroidManifest.xml:22:9-43
39        android:label="@string/app_name"
39-->src/androidMain/AndroidManifest.xml:23:9-41
40        android:roundIcon="@mipmap/ic_launcher_round"
40-->src/androidMain/AndroidManifest.xml:24:9-54
41        android:supportsRtl="true"
41-->src/androidMain/AndroidManifest.xml:25:9-35
42        android:testOnly="true"
43        android:theme="@android:style/Theme.Material.Light.NoActionBar" >
43-->src/androidMain/AndroidManifest.xml:26:9-72
44        <activity
44-->src/androidMain/AndroidManifest.xml:28:9-55:20
45            android:name="ca.elinium.dishpal.MainActivity"
45-->src/androidMain/AndroidManifest.xml:31:13-41
46            android:configChanges="orientation|screenSize|screenLayout|keyboardHidden|mnc|colorMode|density|fontScale|fontWeightAdjustment|keyboard|layoutDirection|locale|mcc|navigation|smallestScreenSize|touchscreen|uiMode"
46-->src/androidMain/AndroidManifest.xml:30:13-225
47            android:exported="true" >
47-->src/androidMain/AndroidManifest.xml:29:13-36
48            <intent-filter>
48-->src/androidMain/AndroidManifest.xml:32:13-35:29
49                <action android:name="android.intent.action.MAIN" />
49-->src/androidMain/AndroidManifest.xml:33:17-69
49-->src/androidMain/AndroidManifest.xml:33:25-66
50
51                <category android:name="android.intent.category.LAUNCHER" />
51-->src/androidMain/AndroidManifest.xml:34:17-77
51-->src/androidMain/AndroidManifest.xml:34:27-74
52            </intent-filter>
53            <intent-filter android:label="@string/app_name" >
53-->src/androidMain/AndroidManifest.xml:36:13-42:29
53-->src/androidMain/AndroidManifest.xml:36:28-60
54                <action android:name="android.intent.action.VIEW" />
54-->src/androidMain/AndroidManifest.xml:37:17-69
54-->src/androidMain/AndroidManifest.xml:37:25-66
55
56                <category android:name="android.intent.category.DEFAULT" />
56-->src/androidMain/AndroidManifest.xml:38:17-76
56-->src/androidMain/AndroidManifest.xml:38:27-73
57                <category android:name="android.intent.category.BROWSABLE" />
57-->src/androidMain/AndroidManifest.xml:39:17-78
57-->src/androidMain/AndroidManifest.xml:39:27-75
58                <!-- Accepts URIs that begin with "dishpal://” -->
59                <data android:scheme="dishpal" />
59-->src/androidMain/AndroidManifest.xml:41:17-49
59-->src/androidMain/AndroidManifest.xml:41:23-47
60            </intent-filter>
61            <intent-filter>
61-->src/androidMain/AndroidManifest.xml:43:13-48:29
62                <action android:name="android.intent.action.VIEW" />
62-->src/androidMain/AndroidManifest.xml:37:17-69
62-->src/androidMain/AndroidManifest.xml:37:25-66
63
64                <category android:name="android.intent.category.DEFAULT" />
64-->src/androidMain/AndroidManifest.xml:38:17-76
64-->src/androidMain/AndroidManifest.xml:38:27-73
65                <category android:name="android.intent.category.BROWSABLE" />
65-->src/androidMain/AndroidManifest.xml:39:17-78
65-->src/androidMain/AndroidManifest.xml:39:27-75
66
67                <data
67-->src/androidMain/AndroidManifest.xml:41:17-49
68                    android:host="www.dishpal.co"
68-->src/androidMain/AndroidManifest.xml:47:45-74
69                    android:scheme="http" />
69-->src/androidMain/AndroidManifest.xml:41:23-47
70            </intent-filter>
71            <intent-filter>
71-->src/androidMain/AndroidManifest.xml:49:13-54:29
72                <action android:name="android.intent.action.VIEW" />
72-->src/androidMain/AndroidManifest.xml:37:17-69
72-->src/androidMain/AndroidManifest.xml:37:25-66
73
74                <category android:name="android.intent.category.DEFAULT" />
74-->src/androidMain/AndroidManifest.xml:38:17-76
74-->src/androidMain/AndroidManifest.xml:38:27-73
75                <category android:name="android.intent.category.BROWSABLE" />
75-->src/androidMain/AndroidManifest.xml:39:17-78
75-->src/androidMain/AndroidManifest.xml:39:27-75
76
77                <data
77-->src/androidMain/AndroidManifest.xml:41:17-49
78                    android:host="dishpal"
78-->src/androidMain/AndroidManifest.xml:47:45-74
79                    android:scheme="app" />
79-->src/androidMain/AndroidManifest.xml:41:23-47
80            </intent-filter>
81        </activity>
82
83        <provider
83-->[dev.icerock.moko:media-android:0.11.0] AndroidManifest.xml:8:9-16:20
84            android:name="dev.icerock.moko.media.MokoMediaFileProvider"
84-->[dev.icerock.moko:media-android:0.11.0] AndroidManifest.xml:9:13-72
85            android:authorities="ca.elinium.dishpal.moko.media.provider"
85-->[dev.icerock.moko:media-android:0.11.0] AndroidManifest.xml:10:13-71
86            android:exported="false"
86-->[dev.icerock.moko:media-android:0.11.0] AndroidManifest.xml:11:13-37
87            android:grantUriPermissions="true" >
87-->[dev.icerock.moko:media-android:0.11.0] AndroidManifest.xml:12:13-47
88            <meta-data
88-->[dev.icerock.moko:media-android:0.11.0] AndroidManifest.xml:13:13-15:63
89                android:name="android.support.FILE_PROVIDER_PATHS"
89-->[dev.icerock.moko:media-android:0.11.0] AndroidManifest.xml:14:17-67
90                android:resource="@xml/file_provider_paths" />
90-->[dev.icerock.moko:media-android:0.11.0] AndroidManifest.xml:15:17-60
91        </provider>
92
93        <activity
93-->[com.github.icerockdev:MaterialFilePicker:1.9.1] AndroidManifest.xml:14:9-17:20
94            android:name="com.nbsp.materialfilepicker.ui.FilePickerActivity"
94-->[com.github.icerockdev:MaterialFilePicker:1.9.1] AndroidManifest.xml:15:13-77
95            android:theme="@style/MFP_BaseTheme" >
95-->[com.github.icerockdev:MaterialFilePicker:1.9.1] AndroidManifest.xml:16:13-49
96        </activity>
97        <activity
97-->[com.google.android.gms:play-services-base:18.1.0] AndroidManifest.xml:20:9-22:45
98            android:name="com.google.android.gms.common.api.GoogleApiActivity"
98-->[com.google.android.gms:play-services-base:18.1.0] AndroidManifest.xml:20:19-85
99            android:exported="false"
99-->[com.google.android.gms:play-services-base:18.1.0] AndroidManifest.xml:22:19-43
100            android:theme="@android:style/Theme.Translucent.NoTitleBar" />
100-->[com.google.android.gms:play-services-base:18.1.0] AndroidManifest.xml:21:19-78
101
102        <meta-data
102-->[com.google.android.gms:play-services-basement:18.1.0] AndroidManifest.xml:21:9-23:69
103            android:name="com.google.android.gms.version"
103-->[com.google.android.gms:play-services-basement:18.1.0] AndroidManifest.xml:22:13-58
104            android:value="@integer/google_play_services_version" />
104-->[com.google.android.gms:play-services-basement:18.1.0] AndroidManifest.xml:23:13-66
105
106        <provider
106-->[media.kamel:kamel-core-android-debug:0.9.3] AndroidManifest.xml:11:9-19:20
107            android:name="androidx.startup.InitializationProvider"
107-->[media.kamel:kamel-core-android-debug:0.9.3] AndroidManifest.xml:12:13-67
108            android:authorities="ca.elinium.dishpal.androidx-startup"
108-->[media.kamel:kamel-core-android-debug:0.9.3] AndroidManifest.xml:13:13-68
109            android:exported="false" >
109-->[media.kamel:kamel-core-android-debug:0.9.3] AndroidManifest.xml:14:13-37
110            <meta-data
110-->[media.kamel:kamel-core-android-debug:0.9.3] AndroidManifest.xml:16:13-18:52
111                android:name="io.kamel.core.ApplicationContextInitializer"
111-->[media.kamel:kamel-core-android-debug:0.9.3] AndroidManifest.xml:17:17-75
112                android:value="androidx.startup" />
112-->[media.kamel:kamel-core-android-debug:0.9.3] AndroidManifest.xml:18:17-49
113            <meta-data
113-->[androidx.emoji2:emoji2:1.3.0] AndroidManifest.xml:29:13-31:52
114                android:name="androidx.emoji2.text.EmojiCompatInitializer"
114-->[androidx.emoji2:emoji2:1.3.0] AndroidManifest.xml:30:17-75
115                android:value="androidx.startup" />
115-->[androidx.emoji2:emoji2:1.3.0] AndroidManifest.xml:31:17-49
116            <meta-data
116-->[androidx.lifecycle:lifecycle-process:2.6.2] AndroidManifest.xml:29:13-31:52
117                android:name="androidx.lifecycle.ProcessLifecycleInitializer"
117-->[androidx.lifecycle:lifecycle-process:2.6.2] AndroidManifest.xml:30:17-78
118                android:value="androidx.startup" />
118-->[androidx.lifecycle:lifecycle-process:2.6.2] AndroidManifest.xml:31:17-49
119            <meta-data
119-->[androidx.profileinstaller:profileinstaller:1.3.1] AndroidManifest.xml:29:13-31:52
120                android:name="androidx.profileinstaller.ProfileInstallerInitializer"
120-->[androidx.profileinstaller:profileinstaller:1.3.1] AndroidManifest.xml:30:17-85
121                android:value="androidx.startup" />
121-->[androidx.profileinstaller:profileinstaller:1.3.1] AndroidManifest.xml:31:17-49
122        </provider>
123
124        <activity
124-->[androidx.compose.ui:ui-tooling-android:1.6.6] AndroidManifest.xml:23:9-25:39
125            android:name="androidx.compose.ui.tooling.PreviewActivity"
125-->[androidx.compose.ui:ui-tooling-android:1.6.6] AndroidManifest.xml:24:13-71
126            android:exported="true" />
126-->[androidx.compose.ui:ui-tooling-android:1.6.6] AndroidManifest.xml:25:13-36
127
128        <receiver
128-->[androidx.profileinstaller:profileinstaller:1.3.1] AndroidManifest.xml:34:9-52:20
129            android:name="androidx.profileinstaller.ProfileInstallReceiver"
129-->[androidx.profileinstaller:profileinstaller:1.3.1] AndroidManifest.xml:35:13-76
130            android:directBootAware="false"
130-->[androidx.profileinstaller:profileinstaller:1.3.1] AndroidManifest.xml:36:13-44
131            android:enabled="true"
131-->[androidx.profileinstaller:profileinstaller:1.3.1] AndroidManifest.xml:37:13-35
132            android:exported="true"
132-->[androidx.profileinstaller:profileinstaller:1.3.1] AndroidManifest.xml:38:13-36
133            android:permission="android.permission.DUMP" >
133-->[androidx.profileinstaller:profileinstaller:1.3.1] AndroidManifest.xml:39:13-57
134            <intent-filter>
134-->[androidx.profileinstaller:profileinstaller:1.3.1] AndroidManifest.xml:40:13-42:29
135                <action android:name="androidx.profileinstaller.action.INSTALL_PROFILE" />
135-->[androidx.profileinstaller:profileinstaller:1.3.1] AndroidManifest.xml:41:17-91
135-->[androidx.profileinstaller:profileinstaller:1.3.1] AndroidManifest.xml:41:25-88
136            </intent-filter>
137            <intent-filter>
137-->[androidx.profileinstaller:profileinstaller:1.3.1] AndroidManifest.xml:43:13-45:29
138                <action android:name="androidx.profileinstaller.action.SKIP_FILE" />
138-->[androidx.profileinstaller:profileinstaller:1.3.1] AndroidManifest.xml:44:17-85
138-->[androidx.profileinstaller:profileinstaller:1.3.1] AndroidManifest.xml:44:25-82
139            </intent-filter>
140            <intent-filter>
140-->[androidx.profileinstaller:profileinstaller:1.3.1] AndroidManifest.xml:46:13-48:29
141                <action android:name="androidx.profileinstaller.action.SAVE_PROFILE" />
141-->[androidx.profileinstaller:profileinstaller:1.3.1] AndroidManifest.xml:47:17-88
141-->[androidx.profileinstaller:profileinstaller:1.3.1] AndroidManifest.xml:47:25-85
142            </intent-filter>
143            <intent-filter>
143-->[androidx.profileinstaller:profileinstaller:1.3.1] AndroidManifest.xml:49:13-51:29
144                <action android:name="androidx.profileinstaller.action.BENCHMARK_OPERATION" />
144-->[androidx.profileinstaller:profileinstaller:1.3.1] AndroidManifest.xml:50:17-95
144-->[androidx.profileinstaller:profileinstaller:1.3.1] AndroidManifest.xml:50:25-92
145            </intent-filter>
146        </receiver>
147    </application>
148
149</manifest>